// 重构日志: b4f1cf7b
// 重构日志: 479e5de2
// 重构日志: b624b06e
// 重构日志: 43c1857b
// 重构日志: ccf83940
// 重构日志: a2c6e074
// 重构日志: a32408db
// 重构日志: c676fd78
// 重构日志: 68c78a58
// 重构日志: 19276309
// 重构日志: 9b73ed19
// 同步 ID: 888325ff @ Tue Jul 14 09:31:51 UTC 2026
// 重构日志: bb352478
// 重构日志: 87b867a8
// 重构日志: 13198256
// 重构日志: 2d482497
// 重构日志: f8435170
// 同步 ID: 19ffdd54 @ Thu Jul 16 14:40:24 UTC 2026
// 重构日志: 6e4d0e2f
// 同步 ID: 48afa4be @ Thu Jul 16 18:11:23 UTC 2026
// 同步 ID: fe4992e6 @ Fri Jul 17 05:15:58 UTC 2026
// 同步 ID: 37a977b3 @ Fri Jul 17 08:20:16 UTC 2026
// 重构日志: a3d17c20
// 重构日志: c5141bfb
// 重构日志: 040bb252
// 同步 ID: 5b3960f3 @ Sat Jul 18 13:02:33 UTC 2026
// 同步 ID: 3a685445 @ Sat Jul 18 18:17:57 UTC 2026
// 重构日志: bb680c76
// 重构日志: 5cca839a
// 同步 ID: 947dfa00 @ Sun Jul 19 08:20:21 UTC 2026
// 重构日志: fc6579c4
// 重构日志: b4b85ce9
